# JRE version: OpenJDK Runtime Environment Temurin-21.0.10+7 (21.0.10+7) (build 21.0.10+7-LTS)
# Java VM: OpenJDK 64-Bit Server VM Temurin-21.0.10+7 (21.0.10+7-LTS, mixed mode, sharing, tiered, compressed oops, compressed class ptrs, parallel gc, windows-amd64)
GC Precious Log:
 CardTable entry size: 512
 CPUs: 20 total, 20 available
 Memory: 16016M
 Large Page Support: Disabled
 NUMA Support: Disabled
 Compressed Oops: Enabled (32-bit)
 Alignments: Space 512K, Generation 512K, Heap 2M
 Heap Min Capacity: 100M
 Heap Initial Capacity: 100M
 Heap Max Capacity: 2G
 Pre-touch: Disabled
 Parallel Workers: 15
Heap:
 PSYoungGen      total 2560K, used 2064K [0x00000000d5580000, 0x00000000d5e00000, 0x0000000100000000)
  eden space 1536K, 98% used [0x00000000d5580000,0x00000000d56fc260,0x00000000d5700000)
  from space 1024K, 53% used [0x00000000d5700000,0x00000000d5788000,0x00000000d5800000)
  to   space 2560K, 0% used [0x00000000d5b80000,0x00000000d5b80000,0x00000000d5e00000)
 ParOldGen       total 310272K, used 310222K [0x0000000080000000, 0x0000000092f00000, 0x00000000d5580000)
  object space 310272K, 99% used [0x0000000080000000,0x0000000092ef3b90,0x0000000092f00000)
 Metaspace       used 79941K, committed 81536K, reserved 1179648K
  class space    used 8049K, committed 8768K, reserved 1048576K
GC Heap History (20 events):
Event: 87.581 GC heap after
{Heap after GC invocations=582 (full 4):
 PSYoungGen      total 9728K, used 1012K [0x00000000d5580000, 0x00000000d6300000, 0x0000000100000000)
  eden space 8704K, 0% used [0x00000000d5580000,0x00000000d5580000,0x00000000d5e00000)
  from space 1024K, 98% used [0x00000000d6000000,0x00000000d60fd200,0x00000000d6100000)
  to   space 2048K, 0% used [0x00000000d5e00000,0x00000000d5e00000,0x00000000d6000000)
 ParOldGen       total 262656K, used 262475K [0x0000000080000000, 0x0000000090080000, 0x00000000d5580000)
  object space 262656K, 99% used [0x0000000080000000,0x0000000090052d38,0x0000000090080000)
 Metaspace       used 79740K, committed 81408K, reserved 1179648K
  class space    used 8046K, committed 8768K, reserved 1048576K
}
Event: 87.590 GC heap before
{Heap before GC invocations=583 (full 4):
 PSYoungGen      total 9728K, used 9716K [0x00000000d5580000, 0x00000000d6300000, 0x0000000100000000)
  eden space 8704K, 100% used [0x00000000d5580000,0x00000000d5e00000,0x00000000d5e00000)
  from space 1024K, 98% used [0x00000000d6000000,0x00000000d60fd200,0x00000000d6100000)
  to   space 2048K, 0% used [0x00000000d5e00000,0x00000000d5e00000,0x00000000d6000000)
 ParOldGen       total 262656K, used 262475K [0x0000000080000000, 0x0000000090080000, 0x00000000d5580000)
  object space 262656K, 99% used [0x0000000080000000,0x0000000090052d38,0x0000000090080000)
 Metaspace       used 79740K, committed 81408K, reserved 1179648K
  class space    used 8046K, committed 8768K, reserved 1048576K
}
Event: 87.592 GC heap after
{Heap after GC invocations=583 (full 4):
 PSYoungGen      total 10240K, used 1108K [0x00000000d5580000, 0x00000000d6100000, 0x0000000100000000)
  eden space 8704K, 0% used [0x00000000d5580000,0x00000000d5580000,0x00000000d5e00000)
  from space 1536K, 72% used [0x00000000d5e00000,0x00000000d5f15220,0x00000000d5f80000)
  to   space 1536K, 0% used [0x00000000d5f80000,0x00000000d5f80000,0x00000000d6100000)
 ParOldGen       total 263680K, used 263424K [0x0000000080000000, 0x0000000090180000, 0x00000000d5580000)
  object space 263680K, 99% used [0x0000000080000000,0x00000000901400e8,0x0000000090180000)
 Metaspace       used 79740K, committed 81408K, reserved 1179648K
  class space    used 8046K, committed 8768K, reserved 1048576K
}
Event: 87.605 GC heap before
{Heap before GC invocations=584 (full 4):
 PSYoungGen      total 10240K, used 9812K [0x00000000d5580000, 0x00000000d6100000, 0x0000000100000000)
  eden space 8704K, 100% used [0x00000000d5580000,0x00000000d5e00000,0x00000000d5e00000)
  from space 1536K, 72% used [0x00000000d5e00000,0x00000000d5f15220,0x00000000d5f80000)
  to   space 1536K, 0% used [0x00000000d5f80000,0x00000000d5f80000,0x00000000d6100000)
 ParOldGen       total 263680K, used 263424K [0x0000000080000000, 0x0000000090180000, 0x00000000d5580000)
  object space 263680K, 99% used [0x0000000080000000,0x00000000901400e8,0x0000000090180000)
 Metaspace       used 79740K, committed 81408K, reserved 1179648K
  class space    used 8046K, committed 8768K, reserved 1048576K
}
Event: 87.607 GC heap after
{Heap after GC invocations=584 (full 4):
 PSYoungGen      total 10240K, used 1364K [0x00000000d5580000, 0x00000000d6100000, 0x0000000100000000)
  eden space 8704K, 0% used [0x00000000d5580000,0x00000000d5580000,0x00000000d5e00000)
  from space 1536K, 88% used [0x00000000d5f80000,0x00000000d60d5220,0x00000000d6100000)
  to   space 1536K, 0% used [0x00000000d5e00000,0x00000000d5e00000,0x00000000d5f80000)
 ParOldGen       total 264192K, used 263952K [0x0000000080000000, 0x0000000090200000, 0x00000000d5580000)
  object space 264192K, 99% used [0x0000000080000000,0x00000000901c4108,0x0000000090200000)
 Metaspace       used 79740K, committed 81408K, reserved 1179648K
  class space    used 8046K, committed 8768K, reserved 1048576K
}
Event: 87.624 GC heap before
{Heap before GC invocations=585 (full 4):
 PSYoungGen      total 10240K, used 10068K [0x00000000d5580000, 0x00000000d6100000, 0x0000000100000000)
  eden space 8704K, 100% used [0x00000000d5580000,0x00000000d5e00000,0x00000000d5e00000)
  from space 1536K, 88% used [0x00000000d5f80000,0x00000000d60d5220,0x00000000d6100000)
  to   space 1536K, 0% used [0x00000000d5e00000,0x00000000d5e00000,0x00000000d5f80000)
 ParOldGen       total 264192K, used 263952K [0x0000000080000000, 0x0000000090200000, 0x00000000d5580000)
  object space 264192K, 99% used [0x0000000080000000,0x00000000901c4108,0x0000000090200000)
 Metaspace       used 79743K, committed 81408K, reserved 1179648K
  class space    used 8046K, committed 8768K, reserved 1048576K
}
Event: 87.626 GC heap after
{Heap after GC invocations=585 (full 4):
 PSYoungGen      total 10240K, used 992K [0x00000000d5580000, 0x00000000d6100000, 0x0000000100000000)
  eden space 8704K, 0% used [0x00000000d5580000,0x00000000d5580000,0x00000000d5e00000)
  from space 1536K, 64% used [0x00000000d5e00000,0x00000000d5ef8020,0x00000000d5f80000)
  to   space 1536K, 0% used [0x00000000d5f80000,0x00000000d5f80000,0x00000000d6100000)
 ParOldGen       total 265216K, used 265047K [0x0000000080000000, 0x0000000090300000, 0x00000000d5580000)
  object space 265216K, 99% used [0x0000000080000000,0x00000000902d5ee8,0x0000000090300000)
 Metaspace       used 79743K, committed 81408K, reserved 1179648K
  class space    used 8046K, committed 8768K, reserved 1048576K
}
Event: 87.639 GC heap before
{Heap before GC invocations=586 (full 4):
 PSYoungGen      total 10240K, used 9696K [0x00000000d5580000, 0x00000000d6100000, 0x0000000100000000)
  eden space 8704K, 100% used [0x00000000d5580000,0x00000000d5e00000,0x00000000d5e00000)
  from space 1536K, 64% used [0x00000000d5e00000,0x00000000d5ef8020,0x00000000d5f80000)
  to   space 1536K, 0% used [0x00000000d5f80000,0x00000000d5f80000,0x00000000d6100000)
 ParOldGen       total 265216K, used 265047K [0x0000000080000000, 0x0000000090300000, 0x00000000d5580000)
  object space 265216K, 99% used [0x0000000080000000,0x00000000902d5ee8,0x0000000090300000)
 Metaspace       used 79743K, committed 81408K, reserved 1179648K
  class space    used 8046K, committed 8768K, reserved 1048576K
}
Event: 87.641 GC heap after
{Heap after GC invocations=586 (full 4):
 PSYoungGen      total 9728K, used 928K [0x00000000d5580000, 0x00000000d6080000, 0x0000000100000000)
  eden space 8704K, 0% used [0x00000000d5580000,0x00000000d5580000,0x00000000d5e00000)
  from space 1024K, 90% used [0x00000000d5f80000,0x00000000d6068020,0x00000000d6080000)
  to   space 1024K, 0% used [0x00000000d5e80000,0x00000000d5e80000,0x00000000d5f80000)
 ParOldGen       total 266240K, used 265905K [0x0000000080000000, 0x0000000090400000, 0x00000000d5580000)
  object space 266240K, 99% used [0x0000000080000000,0x00000000903ac780,0x0000000090400000)
 Metaspace       used 79743K, committed 81408K, reserved 1179648K
  class space    used 8046K, committed 8768K, reserved 1048576K
}
Event: 87.660 GC heap before
{Heap before GC invocations=587 (full 4):
 PSYoungGen      total 9728K, used 9632K [0x00000000d5580000, 0x00000000d6080000, 0x0000000100000000)
  eden space 8704K, 100% used [0x00000000d5580000,0x00000000d5e00000,0x00000000d5e00000)
  from space 1024K, 90% used [0x00000000d5f80000,0x00000000d6068020,0x00000000d6080000)
  to   space 1024K, 0% used [0x00000000d5e80000,0x00000000d5e80000,0x00000000d5f80000)
 ParOldGen       total 266240K, used 265905K [0x0000000080000000, 0x0000000090400000, 0x00000000d5580000)
  object space 266240K, 99% used [0x0000000080000000,0x00000000903ac780,0x0000000090400000)
 Metaspace       used 79754K, committed 81408K, reserved 1179648K
  class space    used 8046K, committed 8768K, reserved 1048576K
}
Event: 89.679 GC heap after
{Heap after GC invocations=587 (full 4):
 PSYoungGen      total 9728K, used 1024K [0x00000000d5580000, 0x00000000d6080000, 0x0000000100000000)
  eden space 8704K, 0% used [0x00000000d5580000,0x00000000d5580000,0x00000000d5e00000)
  from space 1024K, 100% used [0x00000000d5e80000,0x00000000d5f80000,0x00000000d5f80000)
  to   space 1024K, 0% used [0x00000000d5f80000,0x00000000d5f80000,0x00000000d6080000)
 ParOldGen       total 266752K, used 266671K [0x0000000080000000, 0x0000000090480000, 0x00000000d5580000)
  object space 266752K, 99% used [0x0000000080000000,0x000000009046bc60,0x0000000090480000)
 Metaspace       used 79754K, committed 81408K, reserved 1179648K
  class space    used 8046K, committed 8768K, reserved 1048576K
}
Event: 89.744 GC heap before
{Heap before GC invocations=588 (full 4):
 PSYoungGen      total 9728K, used 9728K [0x00000000d5580000, 0x00000000d6080000, 0x0000000100000000)
  eden space 8704K, 100% used [0x00000000d5580000,0x00000000d5e00000,0x00000000d5e00000)
  from space 1024K, 100% used [0x00000000d5e80000,0x00000000d5f80000,0x00000000d5f80000)
  to   space 1024K, 0% used [0x00000000d5f80000,0x00000000d5f80000,0x00000000d6080000)
 ParOldGen       total 266752K, used 266671K [0x0000000080000000, 0x0000000090480000, 0x00000000d5580000)
  object space 266752K, 99% used [0x0000000080000000,0x000000009046bc60,0x0000000090480000)
 Metaspace       used 79816K, committed 81472K, reserved 1179648K
  class space    used 8047K, committed 8768K, reserved 1048576K
}
Event: 89.748 GC heap after
{Heap after GC invocations=588 (full 4):
 PSYoungGen      total 9728K, used 928K [0x00000000d5580000, 0x00000000d6100000, 0x0000000100000000)
  eden space 8704K, 0% used [0x00000000d5580000,0x00000000d5580000,0x00000000d5e00000)
  from space 1024K, 90% used [0x00000000d5f80000,0x00000000d6068000,0x00000000d6080000)
  to   space 1536K, 0% used [0x00000000d5e00000,0x00000000d5e00000,0x00000000d5f80000)
 ParOldGen       total 267776K, used 267561K [0x0000000080000000, 0x0000000090580000, 0x00000000d5580000)
  object space 267776K, 99% used [0x0000000080000000,0x000000009054a790,0x0000000090580000)
 Metaspace       used 79816K, committed 81472K, reserved 1179648K
  class space    used 8047K, committed 8768K, reserved 1048576K
}
Event: 89.926 GC heap before
{Heap before GC invocations=589 (full 4):
 PSYoungGen      total 9728K, used 9632K [0x00000000d5580000, 0x00000000d6100000, 0x0000000100000000)
  eden space 8704K, 100% used [0x00000000d5580000,0x00000000d5e00000,0x00000000d5e00000)
  from space 1024K, 90% used [0x00000000d5f80000,0x00000000d6068000,0x00000000d6080000)
  to   space 1536K, 0% used [0x00000000d5e00000,0x00000000d5e00000,0x00000000d5f80000)
 ParOldGen       total 299520K, used 298281K [0x0000000080000000, 0x0000000092480000, 0x00000000d5580000)
  object space 299520K, 99% used [0x0000000080000000,0x000000009234a7c0,0x0000000092480000)
 Metaspace       used 79898K, committed 81536K, reserved 1179648K
  class space    used 8049K, committed 8768K, reserved 1048576K
}
Event: 89.928 GC heap after
{Heap after GC invocations=589 (full 4):
 PSYoungGen      total 10240K, used 1472K [0x00000000d5580000, 0x00000000d6200000, 0x0000000100000000)
  eden space 8704K, 0% used [0x00000000d5580000,0x00000000d5580000,0x00000000d5e00000)
  from space 1536K, 95% used [0x00000000d5e00000,0x00000000d5f70000,0x00000000d5f80000)
  to   space 2048K, 0% used [0x00000000d6000000,0x00000000d6000000,0x00000000d6200000)
 ParOldGen       total 299520K, used 299007K [0x0000000080000000, 0x0000000092480000, 0x00000000d5580000)
  object space 299520K, 99% used [0x0000000080000000,0x00000000923fff30,0x0000000092480000)
 Metaspace       used 79898K, committed 81536K, reserved 1179648K
  class space    used 8049K, committed 8768K, reserved 1048576K
}
Event: 90.039 GC heap before
{Heap before GC invocations=590 (full 4):
 PSYoungGen      total 10240K, used 10173K [0x00000000d5580000, 0x00000000d6200000, 0x0000000100000000)
  eden space 8704K, 99% used [0x00000000d5580000,0x00000000d5dff430,0x00000000d5e00000)
  from space 1536K, 95% used [0x00000000d5e00000,0x00000000d5f70000,0x00000000d5f80000)
  to   space 2048K, 0% used [0x00000000d6000000,0x00000000d6000000,0x00000000d6200000)
 ParOldGen       total 299520K, used 299007K [0x0000000080000000, 0x0000000092480000, 0x00000000d5580000)
  object space 299520K, 99% used [0x0000000080000000,0x00000000923fff30,0x0000000092480000)
 Metaspace       used 79907K, committed 81536K, reserved 1179648K
  class space    used 8049K, committed 8768K, reserved 1048576K
}
Event: 90.041 GC heap after
{Heap after GC invocations=590 (full 4):
 PSYoungGen      total 6656K, used 2045K [0x00000000d5580000, 0x00000000d6a00000, 0x0000000100000000)
  eden space 4608K, 0% used [0x00000000d5580000,0x00000000d5580000,0x00000000d5a00000)
  from space 2048K, 99% used [0x00000000d6000000,0x00000000d61ff7b8,0x00000000d6200000)
  to   space 6144K, 0% used [0x00000000d5a00000,0x00000000d5a00000,0x00000000d6000000)
 ParOldGen       total 302592K, used 302366K [0x0000000080000000, 0x0000000092780000, 0x00000000d5580000)
  object space 302592K, 99% used [0x0000000080000000,0x00000000927478d0,0x0000000092780000)
 Metaspace       used 79907K, committed 81536K, reserved 1179648K
  class space    used 8049K, committed 8768K, reserved 1048576K
}
Event: 90.098 GC heap before
{Heap before GC invocations=591 (full 4):
 PSYoungGen      total 6656K, used 6643K [0x00000000d5580000, 0x00000000d6a00000, 0x0000000100000000)
  eden space 4608K, 99% used [0x00000000d5580000,0x00000000d59fd598,0x00000000d5a00000)
  from space 2048K, 99% used [0x00000000d6000000,0x00000000d61ff7b8,0x00000000d6200000)
  to   space 6144K, 0% used [0x00000000d5a00000,0x00000000d5a00000,0x00000000d6000000)
 ParOldGen       total 302592K, used 302366K [0x0000000080000000, 0x0000000092780000, 0x00000000d5580000)
  object space 302592K, 99% used [0x0000000080000000,0x00000000927478d0,0x0000000092780000)
 Metaspace       used 79918K, committed 81536K, reserved 1179648K
  class space    used 8049K, committed 8768K, reserved 1048576K
}
Event: 90.100 GC heap after
{Heap after GC invocations=591 (full 4):
 PSYoungGen      total 7168K, used 2401K [0x00000000d5580000, 0x00000000d6100000, 0x0000000100000000)
  eden space 4608K, 0% used [0x00000000d5580000,0x00000000d5580000,0x00000000d5a00000)
  from space 2560K, 93% used [0x00000000d5a00000,0x00000000d5c58528,0x00000000d5c80000)
  to   space 3584K, 0% used [0x00000000d5d80000,0x00000000d5d80000,0x00000000d6100000)
 ParOldGen       total 304640K, used 304471K [0x0000000080000000, 0x0000000092980000, 0x00000000d5580000)
  object space 304640K, 99% used [0x0000000080000000,0x0000000092955e58,0x0000000092980000)
 Metaspace       used 79918K, committed 81536K, reserved 1179648K
  class space    used 8049K, committed 8768K, reserved 1048576K
}
Event: 90.206 GC heap before
{Heap before GC invocations=592 (full 4):
 PSYoungGen      total 7168K, used 7009K [0x00000000d5580000, 0x00000000d6100000, 0x0000000100000000)
  eden space 4608K, 100% used [0x00000000d5580000,0x00000000d5a00000,0x00000000d5a00000)
  from space 2560K, 93% used [0x00000000d5a00000,0x00000000d5c58528,0x00000000d5c80000)
  to   space 3584K, 0% used [0x00000000d5d80000,0x00000000d5d80000,0x00000000d6100000)
 ParOldGen       total 304640K, used 304471K [0x0000000080000000, 0x0000000092980000, 0x00000000d5580000)
  object space 304640K, 99% used [0x0000000080000000,0x0000000092955e58,0x0000000092980000)
 Metaspace       used 79928K, committed 81536K, reserved 1179648K
  class space    used 8049K, committed 8768K, reserved 1048576K
}

